<?xml version="1.0" encoding="UTF-8"?>
<!-- Generated by org.testng.reporters.JUnitXMLReporter -->
<testsuite ignored="0" hostname="AP-HYB-jLc1JClc" failures="0" tests="3" name="Default test" time="60.818" errors="0" timestamp="2025-04-11T15:13:01 IST">
  <testcase classname="com.redbus.testcase.SearchResultTest" name="searchRoute1Day1" time="15.944"/>
  <testcase classname="com.redbus.testcase.SearchResultTest" name="searchRoute2Day2" time="21.46"/>
  <testcase classname="com.redbus.testcase.SearchResultTest" name="searchRoute3Day3" time="14.932"/>
</testsuite> <!-- Default test -->
