<?xml version="1.0" encoding="UTF-8"?>
<testng-results ignored="0" total="3" passed="3" failed="0" skipped="0">
  <reporter-output>
  </reporter-output>
  <suite started-at="2025-04-11T15:12:00 IST" name="Default suite" finished-at="2025-04-11T15:13:01 IST" duration-ms="60818">
    <groups>
    </groups>
    <test started-at="2025-04-11T15:12:00 IST" name="Default test" finished-at="2025-04-11T15:13:01 IST" duration-ms="60818">
      <class name="com.redbus.testcase.SearchResultTest">
        <test-method is-config="true" signature="setUp()[pri:0, instance:com.redbus.testcase.SearchResultTest@1e6a3214]" started-at="2025-04-11T15:12:00 IST" name="setUp" finished-at="2025-04-11T15:12:03 IST" duration-ms="3168" status="PASS">
          <reporter-output>
          </reporter-output>
        </test-method> <!-- setUp -->
        <test-method signature="searchRoute1Day1(java.lang.String,java.lang.String,java.lang.String)[pri:1, instance:com.redbus.testcase.SearchResultTest@1e6a3214]" started-at="2025-04-11T15:12:03 IST" name="searchRoute1Day1" data-provider="inputDataSupplier" finished-at="2025-04-11T15:12:19 IST" duration-ms="15944" status="PASS">
          <params>
            <param index="0">
              <value>
                <![CDATA[Bengaluru]]>
              </value>
            </param>
            <param index="1">
              <value>
                <![CDATA[Mysuru]]>
              </value>
            </param>
            <param index="2">
              <value>
                <![CDATA[25-04-2025]]>
              </value>
            </param>
          </params>
          <reporter-output>
          </reporter-output>
        </test-method> <!-- searchRoute1Day1 -->
        <test-method is-config="true" signature="tearDown()[pri:0, instance:com.redbus.testcase.SearchResultTest@1e6a3214]" started-at="2025-04-11T15:12:19 IST" name="tearDown" finished-at="2025-04-11T15:12:20 IST" duration-ms="215" status="PASS">
          <reporter-output>
          </reporter-output>
        </test-method> <!-- tearDown -->
        <test-method is-config="true" signature="setUp()[pri:0, instance:com.redbus.testcase.SearchResultTest@1e6a3214]" started-at="2025-04-11T15:12:20 IST" name="setUp" finished-at="2025-04-11T15:12:22 IST" duration-ms="2582" status="PASS">
          <reporter-output>
          </reporter-output>
        </test-method> <!-- setUp -->
        <test-method signature="searchRoute2Day2(java.lang.String,java.lang.String,java.lang.String)[pri:2, instance:com.redbus.testcase.SearchResultTest@1e6a3214]" started-at="2025-04-11T15:12:22 IST" name="searchRoute2Day2" data-provider="inputDataSupplier" finished-at="2025-04-11T15:12:44 IST" duration-ms="21460" status="PASS">
          <params>
            <param index="0">
              <value>
                <![CDATA[Chennai]]>
              </value>
            </param>
            <param index="1">
              <value>
                <![CDATA[Bengaluru]]>
              </value>
            </param>
            <param index="2">
              <value>
                <![CDATA[02-05-2025]]>
              </value>
            </param>
          </params>
          <reporter-output>
          </reporter-output>
        </test-method> <!-- searchRoute2Day2 -->
        <test-method is-config="true" signature="tearDown()[pri:0, instance:com.redbus.testcase.SearchResultTest@1e6a3214]" started-at="2025-04-11T15:12:44 IST" name="tearDown" finished-at="2025-04-11T15:12:44 IST" duration-ms="252" status="PASS">
          <reporter-output>
          </reporter-output>
        </test-method> <!-- tearDown -->
        <test-method is-config="true" signature="setUp()[pri:0, instance:com.redbus.testcase.SearchResultTest@1e6a3214]" started-at="2025-04-11T15:12:44 IST" name="setUp" finished-at="2025-04-11T15:12:46 IST" duration-ms="1950" status="PASS">
          <reporter-output>
          </reporter-output>
        </test-method> <!-- setUp -->
        <test-method signature="searchRoute3Day3(java.lang.String,java.lang.String,java.lang.String)[pri:3, instance:com.redbus.testcase.SearchResultTest@1e6a3214]" started-at="2025-04-11T15:12:46 IST" name="searchRoute3Day3" data-provider="inputDataSupplier" finished-at="2025-04-11T15:13:01 IST" duration-ms="14932" status="PASS">
          <params>
            <param index="0">
              <value>
                <![CDATA[Goa]]>
              </value>
            </param>
            <param index="1">
              <value>
                <![CDATA[Chennai]]>
              </value>
            </param>
            <param index="2">
              <value>
                <![CDATA[27-06-2026]]>
              </value>
            </param>
          </params>
          <reporter-output>
          </reporter-output>
        </test-method> <!-- searchRoute3Day3 -->
        <test-method is-config="true" signature="tearDown()[pri:0, instance:com.redbus.testcase.SearchResultTest@1e6a3214]" started-at="2025-04-11T15:13:01 IST" name="tearDown" finished-at="2025-04-11T15:13:01 IST" duration-ms="255" status="PASS">
          <reporter-output>
          </reporter-output>
        </test-method> <!-- tearDown -->
      </class> <!-- com.redbus.testcase.SearchResultTest -->
    </test> <!-- Default test -->
  </suite> <!-- Default suite -->
</testng-results>
